<?xml version="1.0" encoding="UTF-8"?>
<!-- Generated by org.testng.reporters.JUnitReportReporter -->
<testsuite skipped="0" hostname="DESKTOP-NH7DCM2" name="jenkins.demo.maven.NewTest" tests="3" failures="0" timestamp="09 Mar 2019 16:39:37 GMT" time="0.032" errors="0">
  <testcase name="f" time="0.003" classname="jenkins.demo.maven.NewTest"/>
  <testcase name="e" time="0.003" classname="jenkins.demo.maven.NewTest"/>
  <testcase name="g" time="0.026" classname="jenkins.demo.maven.NewTest"/>
</testsuite> <!-- jenkins.demo.maven.NewTest -->
