<?xml version="1.0" encoding="UTF-8"?>
<!-- Generated by org.testng.reporters.JUnitReportReporter -->
<testsuite skipped="0" hostname="DESKTOP-NH7DCM2" name="jenkins.demo.maven.googleDemo" tests="1" failures="0" timestamp="07 Mar 2019 09:52:21 GMT" time="0.039" errors="0">
  <testcase name="f" time="0.039" classname="jenkins.demo.maven.googleDemo"/>
</testsuite> <!-- jenkins.demo.maven.googleDemo -->
